<?xml version="1.0" encoding="UTF-8"?>
<!-- Generated by org.testng.reporters.JUnitReportReporter -->
<testsuite hostname="LAPTOP-DFUCNCIC" failures="0" tests="6" name="hw4.PracticeTestNgHW" time="7.403" errors="0" timestamp="2021-08-03T12:34:01 EDT" skipped="0">
  <testcase classname="hw4.PracticeTestNgHW" name="openurl" time="1.956"/>
  <system-out/>
  <testcase classname="hw4.PracticeTestNgHW" name="signin" time="3.065"/>
  <system-out/>
  <testcase classname="hw4.PracticeTestNgHW" name="enteremail" time="0.123"/>
  <system-out/>
  <testcase classname="hw4.PracticeTestNgHW" name="clicksubmit" time="0.073"/>
  <system-out/>
  <testcase classname="hw4.PracticeTestNgHW" name="personalinfo" time="2.108"/>
  <system-out/>
  <testcase classname="hw4.PracticeTestNgHW" name="enterFirstName" time="0.078"/>
  <system-out/>
</testsuite> <!-- hw4.PracticeTestNgHW -->
